SF:lib\main.dart
DA:4,2
DA:7,1
DA:9,1
LF:3
LH:3
end_of_record
SF:lib\ui\loginScreen.dart
DA:8,0
DA:9,0
DA:10,0
DA:11,0
DA:12,0
DA:13,0
DA:14,0
DA:15,0
DA:16,0
DA:17,0
DA:18,0
DA:19,0
DA:20,0
DA:21,0
DA:22,0
DA:23,0
DA:29,1
DA:31,1
DA:32,1
DA:35,3
DA:36,3
DA:37,3
DA:40,1
DA:42,1
DA:45,2
DA:47,1
DA:48,4
DA:56,1
DA:57,1
DA:58,1
DA:59,1
DA:60,1
DA:61,1
DA:66,1
DA:67,1
DA:68,1
DA:69,1
DA:71,1
DA:73,1
DA:85,1
DA:86,1
DA:87,1
DA:88,1
DA:89,2
DA:90,1
DA:92,1
DA:93,1
DA:95,1
DA:96,1
DA:98,1
DA:100,1
DA:103,1
DA:106,0
DA:107,0
DA:112,1
DA:113,1
DA:114,1
DA:116,1
DA:117,1
DA:119,1
DA:122,1
DA:125,0
DA:126,0
DA:135,1
DA:137,1
DA:138,1
DA:139,1
DA:140,1
DA:141,0
DA:142,0
DA:144,2
DA:148,1
DA:149,1
DA:150,1
DA:152,1
DA:155,1
DA:156,1
DA:157,1
DA:160,2
DA:161,1
DA:162,1
DA:163,1
DA:166,0
DA:168,0
DA:169,0
DA:172,1
DA:175,1
DA:177,1
DA:179,1
DA:181,1
DA:182,1
DA:183,1
DA:184,0
DA:186,2
LF:94
LH:68
end_of_record
SF:lib\ui\informationLogin.dart
DA:4,0
DA:6,0
DA:7,0
DA:11,0
DA:13,0
DA:14,0
DA:15,0
DA:16,0
DA:18,0
DA:20,0
DA:21,0
LF:11
LH:0
end_of_record
SF:lib\ui\registerScreen.dart
DA:7,0
DA:9,0
DA:10,0
DA:20,0
DA:22,0
DA:25,0
DA:27,0
DA:28,0
DA:36,0
DA:37,0
DA:38,0
DA:39,0
DA:40,0
DA:41,0
DA:46,0
DA:47,0
DA:48,0
DA:49,0
DA:52,0
DA:54,0
DA:66,0
DA:67,0
DA:68,0
DA:69,0
DA:70,0
DA:71,0
DA:72,0
DA:73,0
DA:74,0
DA:76,0
DA:77,0
DA:79,0
DA:82,0
DA:85,0
DA:86,0
DA:91,0
DA:92,0
DA:93,0
DA:95,0
DA:97,0
DA:99,0
DA:102,0
DA:105,0
DA:106,0
DA:112,0
DA:113,0
DA:114,0
DA:116,0
DA:118,0
DA:121,0
DA:125,0
DA:128,0
DA:129,0
DA:136,0
DA:137,0
DA:138,0
DA:140,0
DA:142,0
DA:144,0
DA:147,0
DA:150,0
DA:151,0
DA:159,0
DA:160,0
DA:163,0
DA:164,0
DA:165,0
DA:168,0
DA:169,0
DA:170,0
DA:173,0
DA:175,0
DA:176,0
DA:179,0
DA:181,0
DA:183,0
DA:185,0
DA:187,0
DA:188,0
DA:189,0
LF:80
LH:0
end_of_record
SF:lib\ui\profileScreen.dart
DA:8,0
DA:10,0
DA:11,0
DA:15,0
DA:17,0
DA:18,0
DA:19,0
DA:20,0
DA:22,0
DA:24,0
DA:25,0
DA:26,0
DA:27,0
LF:13
LH:0
end_of_record
